<?xml version="1.0" encoding="UTF-8"?>
<!-- Generated by org.testng.reporters.JUnitReportReporter -->
<testsuite hostname="CashpointTest" failures="0" tests="2" name="com.accuride.testCases.TC_footersection" time="8.651" errors="0" timestamp="18 Mar 2020 10:34:32 GMT" skipped="0">
  <testcase classname="com.accuride.testCases.TC_footersection" name="footersection_check" time="8.336"/>
  <testcase classname="com.accuride.testCases.TC_footersection" name="footersection" time="0.315"/>
</testsuite> <!-- com.accuride.testCases.TC_footersection -->
