<?xml version="1.0" encoding="UTF-8"?>
<!-- Generated by org.testng.reporters.JUnitReportReporter -->
<testsuite hostname="CashpointTest" failures="0" tests="2" name="com.accuride.testCases.TC_footersection" time="71.316" errors="0" timestamp="19 Mar 2020 10:12:37 GMT" skipped="1">
  <testcase classname="com.accuride.testCases.TC_footersection" name="footersection_check" time="71.316"/>
  <testcase classname="com.accuride.testCases.TC_footersection" name="footersection">
    <skipped/>
  </testcase> <!-- footersection -->
</testsuite> <!-- com.accuride.testCases.TC_footersection -->
