<?xml version="1.0" encoding="UTF-8"?>
<!-- Generated by org.testng.reporters.JUnitReportReporter -->
<testsuite hostname="CashpointTest" failures="0" tests="1" name="com.accuride.testCases.Checklogin" time="21.298" errors="0" timestamp="17 Mar 2020 11:21:12 GMT" skipped="0">
  <testcase classname="com.accuride.testCases.Checklogin" name="loginverify" time="21.298"/>
</testsuite> <!-- com.accuride.testCases.Checklogin -->
