<?xml version="1.0" encoding="UTF-8"?>
<!-- Generated by org.testng.reporters.JUnitReportReporter -->
<testsuite hostname="CashpointTest" failures="0" tests="1" name="com.accuride.testCases.TC_companysignup" time="167.488" errors="0" timestamp="16 Mar 2020 10:52:04 GMT" skipped="0">
  <testcase classname="com.accuride.testCases.TC_companysignup" name="companysignupaccount" time="167.488"/>
</testsuite> <!-- com.accuride.testCases.TC_companysignup -->
