<?xml version="1.0" encoding="UTF-8"?>
<!-- Generated by org.testng.reporters.JUnitReportReporter -->
<testsuite hostname="CashpointTest" failures="0" tests="2" name="com.accuride.testCases.TC_headersection" time="18.734" errors="0" timestamp="17 Mar 2020 11:21:12 GMT" skipped="0">
  <testcase classname="com.accuride.testCases.TC_headersection" name="header_verify" time="18.625"/>
  <testcase classname="com.accuride.testCases.TC_headersection" name="footersection" time="0.109"/>
</testsuite> <!-- com.accuride.testCases.TC_headersection -->
