<?xml version="1.0" encoding="UTF-8"?>
<!-- Generated by org.testng.reporters.JUnitReportReporter -->
<testsuite hostname="CashpointTest" failures="0" tests="1" name="com.accuride.testCases.TC_NewSignup" time="52.158" errors="0" timestamp="17 Mar 2020 11:21:12 GMT" skipped="0">
  <testcase classname="com.accuride.testCases.TC_NewSignup" name="signup" time="52.158"/>
</testsuite> <!-- com.accuride.testCases.TC_NewSignup -->
