<?xml version="1.0" encoding="UTF-8"?>
<!-- Generated by org.testng.reporters.JUnitReportReporter -->
<testsuite hostname="CashpointTest" failures="0" tests="2" name="com.accuride.testCases.TC_headersection" time="20.147" errors="0" timestamp="13 Mar 2020 10:31:54 GMT" skipped="0">
  <testcase classname="com.accuride.testCases.TC_headersection" name="header_verify" time="20.015"/>
  <testcase classname="com.accuride.testCases.TC_headersection" name="footersection" time="0.132"/>
</testsuite> <!-- com.accuride.testCases.TC_headersection -->
