<?xml version="1.0" encoding="UTF-8"?>
<!-- Generated by org.testng.reporters.JUnitReportReporter -->
<testsuite hostname="CashpointTest" failures="0" tests="2" name="com.accuride.testCases.TC_menusection" time="76.751" errors="0" timestamp="17 Mar 2020 11:21:12 GMT" skipped="0">
  <testcase classname="com.accuride.testCases.TC_menusection" name="menulist_verify" time="58.892"/>
  <testcase classname="com.accuride.testCases.TC_menusection" name="menu_verify" time="17.859"/>
</testsuite> <!-- com.accuride.testCases.TC_menusection -->
